
# QADPD coefficients:
# ----------------------------------------------------
# i = 0, a[0][] = 1, 0, 0, 
# i = 1, a[1][] = 0, 0, 0, 
# i = 2, a[2][] = 0, 0, 0, 
# i = 3, a[3][] = 0, 0, 0, 
# i = 4, a[4][] = 0, 0, 0, 
# i = 5, a[5][] = 0, 0, 0, 
# i = 0, b[0][] = 0, 0, 0, 
# i = 1, b[1][] = 0, 0, 0, 
# i = 2, b[2][] = 0, 0, 0, 
# i = 3, b[3][] = 0, 0, 0, 
# i = 4, b[4][] = 0, 0, 0, 
# i = 5, b[5][] = 0, 0, 0, 

# i = 0, a[0][] = 0.872975, -0.00807296, 0.0219711, 
# i = 1, a[1][] = 0.17447, 0.296974, -0.463064, 
# i = 2, a[2][] = -0.0421238, -0.328545, 0.722044, 
# i = 3, a[3][] = -0.128374, 0.121527, -0.610185, 
# i = 4, a[4][] = 0.059687, 0.0273014, 0.316204, 
# i = 5, a[5][] = -0.0101954, -0.0418816, -0.0694234, 
# i = 0, b[0][] = 0.260663, 0.00641005, -0.219907, 
# i = 1, b[1][] = -0.153382, 0.22878, -0.0137382, 
# i = 2, b[2][] = -0.0361708, -0.0813812, -0.0912602, 
# i = 3, b[3][] = -0.00811314, -0.301924, 0.306678, 
# i = 4, b[4][] = 0.0295151, 0.411864, -0.319863, 
# i = 5, b[5][] = -0.00421667, -0.217024, 0.209686, 

